c:\users\maayan\desktop\projects - b\pong5\debug\vc140.pdb
c:\users\maayan\desktop\projects - b\pong5\debug\vc140.idb
c:\users\maayan\desktop\projects - b\pong5\debug\ball.obj
c:\users\maayan\desktop\projects - b\pong5\debug\board.obj
c:\users\maayan\desktop\projects - b\pong5\debug\deadboards.obj
c:\users\maayan\desktop\projects - b\pong5\debug\game.obj
c:\users\maayan\desktop\projects - b\pong5\debug\keyboardmanager.obj
c:\users\maayan\desktop\projects - b\pong5\debug\main.obj
c:\users\maayan\desktop\projects - b\pong5\debug\screen.obj
c:\users\maayan\desktop\projects - b\pong5\debug\utils.obj
c:\users\maayan\desktop\projects - b\pong5\debug\pcboard.obj
c:\users\maayan\desktop\projects - b\pong5\debug\userboard.obj
c:\users\maayan\desktop\projects - b\pong5\debug\pong5.ilk
c:\users\maayan\desktop\projects - b\pong5\debug\pong5.exe
c:\users\maayan\desktop\projects - b\pong5\debug\pong5.pdb
c:\users\maayan\desktop\projects - b\pong5\debug\game.obj.enc
c:\users\maayan\desktop\projects - b\pong5\debug\pong5.tlog\cl.command.1.tlog
c:\users\maayan\desktop\projects - b\pong5\debug\pong5.tlog\cl.read.1.tlog
c:\users\maayan\desktop\projects - b\pong5\debug\pong5.tlog\cl.write.1.tlog
c:\users\maayan\desktop\projects - b\pong5\debug\pong5.tlog\link.command.1.tlog
c:\users\maayan\desktop\projects - b\pong5\debug\pong5.tlog\link.read.1.tlog
c:\users\maayan\desktop\projects - b\pong5\debug\pong5.tlog\link.write.1.tlog
